App launch reported: 17 (out of 17) daemons - 60 (out of 64) procs
 
   _____ _           _         
  |  ___(_) ___  ___| |_ __ _  
  | |_  | |/ _ \/ __| __/ _` | 
  |  _| | |  __/\__ \ || (_| | 
  |_|   |_|\___||___/\__\__,_| 
                               
 
Version:    'master-v0.1.0-155-g33d30be'
Build Type: 'FULL+CUDA'
Build Time: '2021-01-15T03:22Z'

-----------------------

Title: 3D Idealized Expansion
Input File Name: '/lustre/scratch3/turquoise/beromer/3D_Expansion/fiesta.lua'

-----------------------

Restart:
    Not running from a restart
Output:
    Timestep output disabled
    Solution write frequency:  500
    Restart writes  disabled
    Status check frequency:    100
Discretization:
    Running 64 processes as (4,4,4)
    tstart = 0, nt = 10000, tend = 10000, dt = 1.00e-07
    Num Cells X = 1000, dx = 1.00e-02
    Num Cells Y = 1000, dy = 1.00e-02
    Num Cells Z = 1000, dz = 1.00e-02
    Num Cells Total: 1.00e+09
Options:
    Using 5th order weno scheme
    Viscosity     disabled
    C-Equation    disabled
    Noise Removal disabled
Gas Properties:
    Number of Species = 1:
    Species 1, Gamma =     1.409, M =       2.8970e-02, mu =       2.9280e-05

-----------------------

Generating Grid:
    Generated in: 2.98e-01

Generating Initial Conditions:
    Generated in: 8.66e+01

Writing Initial Conditions:
    Writing File:     'sol-00000.h5'
    Wrote in: 9.12e+01

-----------------------

Starting Simulation:
    Status: 
      Time Step:       100/10000
      Simulation Time: 1.00e-05
      Wall Time:       3m20s
      ETR:             36m19s
                           Min        Max
      -----------------------------------
      X-Momentum     -3.19e+05   3.19e+05
      Y-Momentum     -3.19e+05   3.19e+05
      Z-Momentum     -3.19e+05   3.19e+05
      Energy          1.66e+05   2.15e+09
      Density Air     7.05e-01   1.02e+03
      -----------------------------------
      X-Velocity     -2.67e+03   2.67e+03
      Y-Velocity     -2.67e+03   2.67e+03
      Z-Velocity     -2.67e+03   2.67e+03
      Pressure        6.81e+04   8.79e+08
      Temperature     1.86e+02   3.82e+03
      Density         6.67e-01   1.02e+03
    Status: 
      Time Step:       200/10000
      Simulation Time: 2.00e-05
      Wall Time:       3m41s
      ETR:             35m17s
                           Min        Max
      -----------------------------------
      X-Momentum     -3.85e+05   3.85e+05
      Y-Momentum     -3.85e+05   3.85e+05
      Z-Momentum     -3.85e+05   3.85e+05
      Energy          2.00e+05   2.13e+09
      Density Air     9.62e-01   1.01e+03
      -----------------------------------
      X-Velocity     -3.09e+03   3.09e+03
      Y-Velocity     -3.09e+03   3.09e+03
      Z-Velocity     -3.09e+03   3.09e+03
      Pressure        8.16e+04   8.73e+08
      Temperature     2.95e+02   5.06e+03
      Density         9.64e-01   1.01e+03
    Status: 
      Time Step:       300/10000
      Simulation Time: 3.00e-05
      Wall Time:       4m2s
      ETR:             34m43s
                           Min        Max
      -----------------------------------
      X-Momentum     -3.60e+05   3.60e+05
      Y-Momentum     -3.60e+05   3.60e+05
      Z-Momentum     -3.60e+05   3.60e+05
      Energy          1.98e+05   2.13e+09
      Density Air     9.58e-01   1.01e+03
      -----------------------------------
      X-Velocity     -3.08e+03   3.08e+03
      Y-Velocity     -3.08e+03   3.08e+03
      Z-Velocity     -3.08e+03   3.08e+03
      Pressure        8.08e+04   8.72e+08
      Temperature     2.94e+02   6.19e+03
      Density         9.58e-01   1.01e+03
    Status: 
      Time Step:       400/10000
      Simulation Time: 4.00e-05
      Wall Time:       4m24s
      ETR:             34m18s
                           Min        Max
      -----------------------------------
      X-Momentum     -3.34e+05   3.34e+05
      Y-Momentum     -3.34e+05   3.34e+05
      Z-Momentum     -3.34e+05   3.34e+05
      Energy          2.03e+05   2.13e+09
      Density Air     9.72e-01   1.01e+03
      -----------------------------------
      X-Velocity     -2.96e+03   2.96e+03
      Y-Velocity     -2.96e+03   2.96e+03
      Z-Velocity     -2.96e+03   2.96e+03
      Pressure        8.23e+04   8.72e+08
      Temperature     2.95e+02   6.59e+03
      Density         9.71e-01   1.01e+03
    Writing File:     'sol-00500.h5'
    Status: 
      Time Step:       500/10000
      Simulation Time: 5.00e-05
      Wall Time:       5m45s
      ETR:             53m3s
                           Min        Max
      -----------------------------------
      X-Momentum     -3.24e+05   3.24e+05
      Y-Momentum     -3.24e+05   3.24e+05
      Z-Momentum     -3.24e+05   3.24e+05
      Energy          2.03e+05   2.13e+09
      Density Air     9.74e-01   1.01e+03
      -----------------------------------
      X-Velocity     -2.91e+03   2.91e+03
      Y-Velocity     -2.91e+03   2.91e+03
      Z-Velocity     -2.91e+03   2.91e+03
      Pressure        8.27e+04   8.72e+08
      Temperature     2.96e+02   6.09e+03
      Density         9.74e-01   1.01e+03
    Status: 
      Time Step:       600/10000
      Simulation Time: 6.00e-05
      Wall Time:       6m9s
      ETR:             49m56s
                           Min        Max
      -----------------------------------
      X-Momentum     -3.23e+05   3.23e+05
      Y-Momentum     -3.23e+05   3.23e+05
      Z-Momentum     -3.23e+05   3.23e+05
      Energy          2.03e+05   2.13e+09
      Density Air     9.73e-01   1.01e+03
      -----------------------------------
      X-Velocity     -2.86e+03   2.86e+03
      Y-Velocity     -2.86e+03   2.86e+03
      Z-Velocity     -2.86e+03   2.86e+03
      Pressure        8.26e+04   8.72e+08
      Temperature     1.48e+02   5.43e+03
      Density         9.73e-01   1.01e+03
    Status: 
      Time Step:       700/10000
      Simulation Time: 7.00e-05
      Wall Time:       6m32s
      ETR:             47m22s
                           Min        Max
      -----------------------------------
      X-Momentum     -3.17e+05   3.17e+05
      Y-Momentum     -3.17e+05   3.17e+05
      Z-Momentum     -3.17e+05   3.17e+05
      Energy          2.03e+05   2.14e+09
      Density Air     9.73e-01   1.01e+03
      -----------------------------------
      X-Velocity     -2.82e+03   2.82e+03
      Y-Velocity     -2.82e+03   2.82e+03
      Z-Velocity     -2.82e+03   2.82e+03
      Pressure        8.26e+04   8.74e+08
      Temperature     2.42e+02   5.03e+03
      Density         9.73e-01   1.01e+03
    Status: 
      Time Step:       800/10000
      Simulation Time: 8.00e-05
      Wall Time:       6m53s
      ETR:             45m9s
                           Min        Max
      -----------------------------------
      X-Momentum     -3.10e+05   3.10e+05
      Y-Momentum     -3.10e+05   3.10e+05
      Z-Momentum     -3.10e+05   3.10e+05
      Energy          2.03e+05   2.14e+09
      Density Air     9.74e-01   1.01e+03
      -----------------------------------
      X-Velocity     -2.84e+03   2.84e+03
      Y-Velocity     -2.84e+03   2.84e+03
      Z-Velocity     -2.84e+03   2.84e+03
      Pressure        8.27e+04   8.74e+08
      Temperature     2.96e+02   4.99e+03
      Density         9.73e-01   1.01e+03
    Status: 
      Time Step:       900/10000
      Simulation Time: 9.00e-05
      Wall Time:       7m15s
      ETR:             43m19s
                           Min        Max
      -----------------------------------
      X-Momentum     -3.08e+05   3.08e+05
      Y-Momentum     -3.08e+05   3.08e+05
      Z-Momentum     -3.08e+05   3.08e+05
      Energy          2.02e+05   2.14e+09
      Density Air     9.73e-01   1.01e+03
      -----------------------------------
      X-Velocity     -2.96e+03   2.96e+03
      Y-Velocity     -2.96e+03   2.96e+03
      Z-Velocity     -2.96e+03   2.96e+03
      Pressure        8.26e+04   8.77e+08
      Temperature     1.81e+02   4.65e+03
      Density         9.73e-01   1.01e+03
    Writing File:     'sol-01000.h5'
    Status: 
      Time Step:       1000/10000
      Simulation Time: 1.00e-04
      Wall Time:       8m36s
      ETR:             50m42s
                           Min        Max
      -----------------------------------
      X-Momentum     -3.01e+05   3.01e+05
      Y-Momentum     -3.01e+05   3.01e+05
      Z-Momentum     -3.01e+05   3.01e+05
      Energy          2.03e+05   2.14e+09
      Density Air     9.75e-01   1.01e+03
      -----------------------------------
      X-Velocity     -2.86e+03   2.86e+03
      Y-Velocity     -2.86e+03   2.86e+03
      Z-Velocity     -2.86e+03   2.86e+03
      Pressure        8.30e+04   8.76e+08
      Temperature     2.07e+02   4.38e+03
      Density         9.75e-01   1.01e+03
    Status: 
      Time Step:       1100/10000
      Simulation Time: 1.10e-04
      Wall Time:       8m57s
      ETR:             48m28s
                           Min        Max
      -----------------------------------
      X-Momentum     -2.94e+05   2.94e+05
      Y-Momentum     -2.94e+05   2.94e+05
      Z-Momentum     -2.94e+05   2.94e+05
      Energy          2.03e+05   2.15e+09
      Density Air     9.73e-01   1.01e+03
      -----------------------------------
      X-Velocity     -2.79e+03   2.79e+03
      Y-Velocity     -2.79e+03   2.79e+03
      Z-Velocity     -2.79e+03   2.79e+03
      Pressure        8.26e+04   8.78e+08
      Temperature     2.68e+02   4.10e+03
      Density         9.73e-01   1.01e+03
    Status: 
      Time Step:       1200/10000
      Simulation Time: 1.20e-04
      Wall Time:       9m19s
      ETR:             46m32s
                           Min        Max
      -----------------------------------
      X-Momentum     -2.88e+05   2.88e+05
      Y-Momentum     -2.88e+05   2.88e+05
      Z-Momentum     -2.88e+05   2.88e+05
      Energy          2.03e+05   2.15e+09
      Density Air     9.73e-01   1.01e+03
      -----------------------------------
      X-Velocity     -2.81e+03   2.81e+03
      Y-Velocity     -2.81e+03   2.81e+03
      Z-Velocity     -2.81e+03   2.81e+03
      Pressure        8.27e+04   8.79e+08
      Temperature     1.33e+02   3.79e+03
      Density         9.73e-01   1.01e+03
    Status: 
      Time Step:       1300/10000
      Simulation Time: 1.30e-04
      Wall Time:       9m40s
      ETR:             44m51s
                           Min        Max
      -----------------------------------
      X-Momentum     -2.79e+05   2.79e+05
      Y-Momentum     -2.79e+05   2.79e+05
      Z-Momentum     -2.79e+05   2.79e+05
      Energy          2.03e+05   2.16e+09
      Density Air     9.74e-01   1.02e+03
      -----------------------------------
      X-Velocity     -2.75e+03   2.75e+03
      Y-Velocity     -2.75e+03   2.75e+03
      Z-Velocity     -2.75e+03   2.75e+03
      Pressure        7.79e+04   8.84e+08
      Temperature     6.12e+01   3.62e+03
      Density         9.74e-01   1.02e+03
    Status: 
      Time Step:       1400/10000
      Simulation Time: 1.40e-04
      Wall Time:       10m1s
      ETR:             43m21s
                           Min        Max
      -----------------------------------
      X-Momentum     -2.72e+05   2.72e+05
      Y-Momentum     -2.72e+05   2.72e+05
      Z-Momentum     -2.72e+05   2.72e+05
      Energy          2.03e+05   2.20e+09
      Density Air     9.74e-01   1.03e+03
      -----------------------------------
      X-Velocity     -2.77e+03   2.77e+03
      Y-Velocity     -2.77e+03   2.77e+03
      Z-Velocity     -2.77e+03   2.77e+03
      Pressure       -3.22e+04   8.99e+08
      Temperature    -2.77e+01   3.55e+03
      Density         9.74e-01   1.03e+03
    Writing File:     'sol-01500.h5'
    Status: 
      Time Step:       1500/10000
      Simulation Time: 1.50e-04
      Wall Time:       11m24s
      ETR:             47m47s
                           Min        Max
      -----------------------------------
      X-Momentum     -2.62e+05   2.62e+05
      Y-Momentum     -2.62e+05   2.62e+05
      Z-Momentum     -2.62e+05   2.62e+05
      Energy          2.03e+05   2.24e+09
      Density Air     9.74e-01   1.04e+03
      -----------------------------------
      X-Velocity     -2.76e+03   2.76e+03
      Y-Velocity     -2.76e+03   2.76e+03
      Z-Velocity     -2.76e+03   2.76e+03
      Pressure        6.50e+04   9.15e+08
      Temperature     5.00e+01   3.44e+03
      Density         9.74e-01   1.04e+03
    Status: 
      Time Step:       1600/10000
      Simulation Time: 1.60e-04
      Wall Time:       11m45s
      ETR:             46m8s
                           Min        Max
      -----------------------------------
      X-Momentum     -2.49e+05   2.49e+05
      Y-Momentum     -2.49e+05   2.49e+05
      Z-Momentum     -2.49e+05   2.49e+05
      Energy          2.03e+05   1.96e+09
      Density Air     9.74e-01   9.51e+02
      -----------------------------------
      X-Velocity     -2.73e+03   2.73e+03
      Y-Velocity     -2.73e+03   2.73e+03
      Z-Velocity     -2.73e+03   2.73e+03
      Pressure        3.51e+04   8.04e+08
      Temperature     2.52e+01   3.36e+03
      Density         9.74e-01   9.52e+02
    Status: 
      Time Step:       1700/10000
      Simulation Time: 1.70e-04
      Wall Time:       12m6s
      ETR:             44m38s
                           Min        Max
      -----------------------------------
      X-Momentum     -2.34e+05   2.34e+05
      Y-Momentum     -2.34e+05   2.34e+05
      Z-Momentum     -2.34e+05   2.34e+05
      Energy          2.03e+05   1.39e+09
      Density Air     9.73e-01   7.43e+02
      -----------------------------------
      X-Velocity     -2.77e+03   2.77e+03
      Y-Velocity     -2.77e+03   2.77e+03
      Z-Velocity     -2.77e+03   2.77e+03
      Pressure       -7.02e+04   5.69e+08
      Temperature    -5.19e+01   3.30e+03
      Density         9.73e-01   7.45e+02
    Status: 
      Time Step:       1800/10000
      Simulation Time: 1.80e-04
      Wall Time:       12m27s
      ETR:             43m14s
                           Min        Max
      -----------------------------------
      X-Momentum     -2.15e+05   2.15e+05
      Y-Momentum     -2.15e+05   2.15e+05
      Z-Momentum     -2.15e+05   2.15e+05
      Energy          2.03e+05   8.76e+08
      Density Air     9.73e-01   5.35e+02
      -----------------------------------
      X-Velocity     -2.82e+03   2.82e+03
      Y-Velocity     -2.82e+03   2.82e+03
      Z-Velocity     -2.82e+03   2.82e+03
      Pressure        3.78e+04   3.59e+08
      Temperature     2.92e+01   3.22e+03
      Density         9.73e-01   5.37e+02
    Status: 
      Time Step:       1900/10000
      Simulation Time: 1.90e-04
      Wall Time:       12m49s
      ETR:             41m59s
                           Min        Max
      -----------------------------------
      X-Momentum     -1.95e+05   1.95e+05
      Y-Momentum     -1.95e+05   1.95e+05
      Z-Momentum     -1.95e+05   1.95e+05
      Energy          2.03e+05   5.87e+08
      Density Air     9.73e-01   3.94e+02
      -----------------------------------
      X-Velocity     -2.76e+03   2.76e+03
      Y-Velocity     -2.76e+03   2.76e+03
      Z-Velocity     -2.76e+03   2.76e+03
      Pressure        6.78e+03   2.33e+08
      Temperature     5.97e+00   3.17e+03
      Density         9.73e-01   3.96e+02
    Writing File:     'sol-02000.h5'
    Status: 
      Time Step:       2000/10000
      Simulation Time: 2.00e-04
      Wall Time:       14m10s
      ETR:             44m48s
                           Min        Max
      -----------------------------------
      X-Momentum     -1.74e+05   1.74e+05
      Y-Momentum     -1.74e+05   1.74e+05
      Z-Momentum     -1.74e+05   1.74e+05
      Energy          2.03e+05   4.23e+08
      Density Air     9.74e-01   3.04e+02
      -----------------------------------
      X-Velocity     -2.69e+03   2.69e+03
      Y-Velocity     -2.69e+03   2.69e+03
      Z-Velocity     -2.69e+03   2.69e+03
      Pressure        6.53e+04   1.61e+08
      Temperature     5.21e+01   3.16e+03
      Density         9.74e-01   3.04e+02
    Status: 
      Time Step:       2100/10000
      Simulation Time: 2.10e-04
      Wall Time:       14m32s
      ETR:             43m31s
                           Min        Max
      -----------------------------------
      X-Momentum     -1.54e+05   1.54e+05
      Y-Momentum     -1.54e+05   1.54e+05
      Z-Momentum     -1.54e+05   1.54e+05
      Energy          2.03e+05   3.18e+08
      Density Air     9.75e-01   2.41e+02
      -----------------------------------
      X-Velocity     -2.71e+03   2.71e+03
      Y-Velocity     -2.71e+03   2.71e+03
      Z-Velocity     -2.71e+03   2.71e+03
      Pressure        2.06e+04   1.16e+08
      Temperature     2.06e+01   3.11e+03
      Density         9.75e-01   2.42e+02
    Status: 
      Time Step:       2200/10000
      Simulation Time: 2.20e-04
      Wall Time:       14m56s
      ETR:             42m24s
                           Min        Max
      -----------------------------------
      X-Momentum     -1.36e+05   1.36e+05
      Y-Momentum     -1.36e+05   1.36e+05
      Z-Momentum     -1.36e+05   1.36e+05
      Energy          2.03e+05   2.46e+08
      Density Air     9.74e-01   1.95e+02
      -----------------------------------
      X-Velocity     -2.62e+03   2.62e+03
      Y-Velocity     -2.62e+03   2.62e+03
      Z-Velocity     -2.62e+03   2.62e+03
      Pressure        8.28e+04   8.64e+07
      Temperature     8.93e+01   3.03e+03
      Density         9.74e-01   1.96e+02
    Status: 
      Time Step:       2300/10000
      Simulation Time: 2.30e-04
      Wall Time:       15m18s
      ETR:             41m16s
                           Min        Max
      -----------------------------------
      X-Momentum     -1.21e+05   1.21e+05
      Y-Momentum     -1.21e+05   1.21e+05
      Z-Momentum     -1.21e+05   1.21e+05
      Energy          2.03e+05   1.96e+08
      Density Air     9.74e-01   1.61e+02
      -----------------------------------
      X-Velocity     -2.48e+03   2.48e+03
      Y-Velocity     -2.48e+03   2.48e+03
      Z-Velocity     -2.48e+03   2.48e+03
      Pressure        8.28e+04   6.56e+07
      Temperature     2.81e+02   3.00e+03
      Density         9.74e-01   1.61e+02
    Status: 
      Time Step:       2400/10000
      Simulation Time: 2.40e-04
      Wall Time:       15m39s
      ETR:             40m10s
                           Min        Max
      -----------------------------------
      X-Momentum     -1.07e+05   1.07e+05
      Y-Momentum     -1.07e+05   1.07e+05
      Z-Momentum     -1.07e+05   1.07e+05
      Energy          2.03e+05   1.59e+08
      Density Air     9.73e-01   1.34e+02
      -----------------------------------
      X-Velocity     -2.45e+03   2.45e+03
      Y-Velocity     -2.45e+03   2.45e+03
      Z-Velocity     -2.45e+03   2.45e+03
      Pressure        8.27e+04   5.07e+07
      Temperature     2.96e+02   2.94e+03
      Density         9.73e-01   1.34e+02
    Writing File:     'sol-02500.h5'
    Status: 
      Time Step:       2500/10000
      Simulation Time: 2.50e-04
      Wall Time:       17m0s
      ETR:             42m5s
                           Min        Max
      -----------------------------------
      X-Momentum     -9.48e+04   9.48e+04
      Y-Momentum     -9.48e+04   9.48e+04
      Z-Momentum     -9.48e+04   9.48e+04
      Energy          2.03e+05   1.31e+08
      Density Air     9.73e-01   1.13e+02
      -----------------------------------
      X-Velocity     -2.44e+03   2.44e+03
      Y-Velocity     -2.44e+03   2.44e+03
      Z-Velocity     -2.44e+03   2.44e+03
      Pressure        8.27e+04   3.97e+07
      Temperature     2.92e+02   2.95e+03
      Density         9.73e-01   1.13e+02
    Status: 
      Time Step:       2600/10000
      Simulation Time: 2.60e-04
      Wall Time:       17m21s
      ETR:             40m56s
                           Min        Max
      -----------------------------------
      X-Momentum     -8.42e+04   8.42e+04
      Y-Momentum     -8.42e+04   8.42e+04
      Z-Momentum     -8.42e+04   8.42e+04
      Energy          2.03e+05   1.10e+08
      Density Air     9.73e-01   9.58e+01
      -----------------------------------
      X-Velocity     -2.43e+03   2.43e+03
      Y-Velocity     -2.43e+03   2.43e+03
      Z-Velocity     -2.43e+03   2.43e+03
      Pressure        8.28e+04   3.17e+07
      Temperature     2.86e+02   2.86e+03
      Density         9.73e-01   9.60e+01
    Status: 
      Time Step:       2700/10000
      Simulation Time: 2.70e-04
      Wall Time:       17m42s
      ETR:             39m50s
                           Min        Max
      -----------------------------------
      X-Momentum     -7.51e+04   7.51e+04
      Y-Momentum     -7.51e+04   7.51e+04
      Z-Momentum     -7.51e+04   7.51e+04
      Energy          2.03e+05   9.32e+07
      Density Air     9.74e-01   8.21e+01
      -----------------------------------
      X-Velocity     -2.42e+03   2.42e+03
      Y-Velocity     -2.42e+03   2.42e+03
      Z-Velocity     -2.42e+03   2.42e+03
      Pressure        8.29e+04   2.55e+07
      Temperature     2.80e+02   2.84e+03
      Density         9.74e-01   8.23e+01
    Status: 
      Time Step:       2800/10000
      Simulation Time: 2.80e-04
      Wall Time:       18m4s
      ETR:             38m49s
                           Min        Max
      -----------------------------------
      X-Momentum     -6.72e+04   6.72e+04
      Y-Momentum     -6.72e+04   6.72e+04
      Z-Momentum     -6.72e+04   6.72e+04
      Energy          2.03e+05   8.00e+07
      Density Air     9.74e-01   7.10e+01
      -----------------------------------
      X-Velocity     -2.41e+03   2.41e+03
      Y-Velocity     -2.41e+03   2.41e+03
      Z-Velocity     -2.41e+03   2.41e+03
      Pressure        8.28e+04   2.07e+07
      Temperature     2.77e+02   2.83e+03
      Density         9.74e-01   7.11e+01
    Status: 
      Time Step:       2900/10000
      Simulation Time: 2.90e-04
      Wall Time:       18m25s
      ETR:             37m49s
                           Min        Max
      -----------------------------------
      X-Momentum     -6.03e+04   6.03e+04
      Y-Momentum     -6.03e+04   6.03e+04
      Z-Momentum     -6.03e+04   6.03e+04
      Energy          2.03e+05   6.93e+07
      Density Air     9.73e-01   6.17e+01
      -----------------------------------
      X-Velocity     -2.41e+03   2.41e+03
      Y-Velocity     -2.41e+03   2.41e+03
      Z-Velocity     -2.41e+03   2.41e+03
      Pressure        8.28e+04   1.70e+07
      Temperature     2.74e+02   2.78e+03
      Density         9.73e-01   6.18e+01
    Writing File:     'sol-03000.h5'
    Status: 
      Time Step:       3000/10000
      Simulation Time: 3.00e-04
      Wall Time:       19m45s
      ETR:             39m11s
                           Min        Max
      -----------------------------------
      X-Momentum     -5.43e+04   5.43e+04
      Y-Momentum     -5.43e+04   5.43e+04
      Z-Momentum     -5.43e+04   5.43e+04
      Energy          2.03e+05   6.06e+07
      Density Air     9.74e-01   5.40e+01
      -----------------------------------
      X-Velocity     -2.41e+03   2.41e+03
      Y-Velocity     -2.41e+03   2.41e+03
      Z-Velocity     -2.41e+03   2.41e+03
      Pressure        8.29e+04   1.41e+07
      Temperature     2.31e+02   2.76e+03
      Density         9.74e-01   5.40e+01
    Status: 
      Time Step:       3100/10000
      Simulation Time: 3.10e-04
      Wall Time:       20m7s
      ETR:             38m11s
                           Min        Max
      -----------------------------------
      X-Momentum     -4.90e+04   4.90e+04
      Y-Momentum     -4.90e+04   4.90e+04
      Z-Momentum     -4.90e+04   4.90e+04
      Energy          2.03e+05   5.34e+07
      Density Air     9.75e-01   4.75e+01
      -----------------------------------
      X-Velocity     -2.40e+03   2.40e+03
      Y-Velocity     -2.40e+03   2.40e+03
      Z-Velocity     -2.40e+03   2.40e+03
      Pressure        8.29e+04   1.18e+07
      Temperature     2.62e+02   2.76e+03
      Density         9.75e-01   4.76e+01
    Status: 
      Time Step:       3200/10000
      Simulation Time: 3.20e-04
      Wall Time:       20m29s
      ETR:             37m13s
                           Min        Max
      -----------------------------------
      X-Momentum     -4.44e+04   4.44e+04
      Y-Momentum     -4.44e+04   4.44e+04
      Z-Momentum     -4.44e+04   4.44e+04
      Energy          2.03e+05   4.73e+07
      Density Air     9.73e-01   4.21e+01
      -----------------------------------
      X-Velocity     -2.38e+03   2.38e+03
      Y-Velocity     -2.38e+03   2.38e+03
      Z-Velocity     -2.38e+03   2.38e+03
      Pressure        8.28e+04   9.92e+06
      Temperature     2.50e+02   2.74e+03
      Density         9.73e-01   4.21e+01
    Status: 
      Time Step:       3300/10000
      Simulation Time: 3.30e-04
      Wall Time:       20m51s
      ETR:             36m18s
                           Min        Max
      -----------------------------------
      X-Momentum     -4.02e+04   4.02e+04
      Y-Momentum     -4.02e+04   4.02e+04
      Z-Momentum     -4.02e+04   4.02e+04
      Energy          2.03e+05   4.22e+07
      Density Air     9.74e-01   3.74e+01
      -----------------------------------
      X-Velocity     -2.37e+03   2.37e+03
      Y-Velocity     -2.37e+03   2.37e+03
      Z-Velocity     -2.37e+03   2.37e+03
      Pressure        8.29e+04   8.40e+06
      Temperature     2.20e+02   2.74e+03
      Density         9.74e-01   3.74e+01
    Status: 
      Time Step:       3400/10000
      Simulation Time: 3.40e-04
      Wall Time:       21m12s
      ETR:             35m24s
                           Min        Max
      -----------------------------------
      X-Momentum     -3.66e+04   3.66e+04
      Y-Momentum     -3.66e+04   3.66e+04
      Z-Momentum     -3.66e+04   3.66e+04
      Energy          2.03e+05   3.78e+07
      Density Air     9.73e-01   3.33e+01
      -----------------------------------
      X-Velocity     -2.35e+03   2.35e+03
      Y-Velocity     -2.35e+03   2.35e+03
      Z-Velocity     -2.35e+03   2.35e+03
      Pressure        8.28e+04   7.15e+06
      Temperature     2.51e+02   2.69e+03
      Density         9.73e-01   3.34e+01
    Writing File:     'sol-03500.h5'
    Status: 
      Time Step:       3500/10000
      Simulation Time: 3.50e-04
      Wall Time:       22m31s
      ETR:             36m19s
                           Min        Max
      -----------------------------------
      X-Momentum     -3.34e+04   3.34e+04
      Y-Momentum     -3.34e+04   3.34e+04
      Z-Momentum     -3.34e+04   3.34e+04
      Energy          2.03e+05   3.40e+07
      Density Air     9.74e-01   2.99e+01
      -----------------------------------
      X-Velocity     -2.34e+03   2.34e+03
      Y-Velocity     -2.34e+03   2.34e+03
      Z-Velocity     -2.34e+03   2.34e+03
      Pressure        8.29e+04   6.12e+06
      Temperature     2.44e+02   2.61e+03
      Density         9.74e-01   2.99e+01
    Status: 
      Time Step:       3600/10000
      Simulation Time: 3.60e-04
      Wall Time:       22m53s
      ETR:             35m24s
                           Min        Max
      -----------------------------------
      X-Momentum     -3.05e+04   3.05e+04
      Y-Momentum     -3.05e+04   3.05e+04
      Z-Momentum     -3.05e+04   3.05e+04
      Energy          2.03e+05   3.08e+07
      Density Air     9.75e-01   2.69e+01
      -----------------------------------
      X-Velocity     -2.32e+03   2.32e+03
      Y-Velocity     -2.32e+03   2.32e+03
      Z-Velocity     -2.32e+03   2.32e+03
      Pressure        8.30e+04   5.28e+06
      Temperature     2.48e+02   2.56e+03
      Density         9.75e-01   2.69e+01
    Status: 
      Time Step:       3700/10000
      Simulation Time: 3.70e-04
      Wall Time:       23m15s
      ETR:             34m32s
                           Min        Max
      -----------------------------------
      X-Momentum     -2.80e+04   2.80e+04
      Y-Momentum     -2.80e+04   2.80e+04
      Z-Momentum     -2.80e+04   2.80e+04
      Energy          2.03e+05   2.93e+07
      Density Air     9.74e-01   2.43e+01
      -----------------------------------
      X-Velocity     -2.31e+03   2.31e+03
      Y-Velocity     -2.31e+03   2.31e+03
      Z-Velocity     -2.31e+03   2.31e+03
      Pressure        8.29e+04   4.57e+06
      Temperature     2.45e+02   2.51e+03
      Density         9.74e-01   2.43e+01
    Status: 
      Time Step:       3800/10000
      Simulation Time: 3.80e-04
      Wall Time:       23m37s
      ETR:             33m42s
                           Min        Max
      -----------------------------------
      X-Momentum     -2.57e+04   2.57e+04
      Y-Momentum     -2.57e+04   2.57e+04
      Z-Momentum     -2.57e+04   2.57e+04
      Energy          2.03e+05   2.98e+07
      Density Air     9.73e-01   2.20e+01
      -----------------------------------
      X-Velocity     -2.30e+03   2.30e+03
      Y-Velocity     -2.30e+03   2.30e+03
      Z-Velocity     -2.30e+03   2.30e+03
      Pressure        8.28e+04   3.97e+06
      Temperature     2.45e+02   2.50e+03
      Density         9.73e-01   2.20e+01
    Status: 
      Time Step:       3900/10000
      Simulation Time: 3.90e-04
      Wall Time:       24m0s
      ETR:             32m53s
                           Min        Max
      -----------------------------------
      X-Momentum     -2.36e+04   2.36e+04
      Y-Momentum     -2.36e+04   2.36e+04
      Z-Momentum     -2.36e+04   2.36e+04
      Energy          2.03e+05   3.04e+07
      Density Air     9.73e-01   2.00e+01
      -----------------------------------
      X-Velocity     -2.29e+03   2.29e+03
      Y-Velocity     -2.29e+03   2.29e+03
      Z-Velocity     -2.29e+03   2.29e+03
      Pressure        8.28e+04   3.47e+06
      Temperature     2.42e+02   2.49e+03
      Density         9.73e-01   2.00e+01
    Writing File:     'sol-04000.h5'
    Status: 
      Time Step:       4000/10000
      Simulation Time: 4.00e-04
      Wall Time:       25m21s
      ETR:             33m34s
                           Min        Max
      -----------------------------------
      X-Momentum     -2.20e+04   2.20e+04
      Y-Momentum     -2.20e+04   2.20e+04
      Z-Momentum     -2.20e+04   2.20e+04
      Energy          2.03e+05   3.08e+07
      Density Air     9.75e-01   1.82e+01
      -----------------------------------
      X-Velocity     -2.28e+03   2.28e+03
      Y-Velocity     -2.28e+03   2.28e+03
      Z-Velocity     -2.28e+03   2.28e+03
      Pressure        8.30e+04   3.04e+06
      Temperature     2.39e+02   2.52e+03
      Density         9.75e-01   1.82e+01
    Status: 
      Time Step:       4100/10000
      Simulation Time: 4.10e-04
      Wall Time:       25m42s
      ETR:             32m43s
                           Min        Max
      -----------------------------------
      X-Momentum     -2.14e+04   2.14e+04
      Y-Momentum     -2.14e+04   2.14e+04
      Z-Momentum     -2.14e+04   2.14e+04
      Energy          2.03e+05   3.10e+07
      Density Air     9.74e-01   1.66e+01
      -----------------------------------
      X-Velocity     -2.28e+03   2.28e+03
      Y-Velocity     -2.28e+03   2.28e+03
      Z-Velocity     -2.28e+03   2.28e+03
      Pressure        8.29e+04   2.71e+06
      Temperature     2.36e+02   2.49e+03
      Density         9.74e-01   1.66e+01
    Status: 
      Time Step:       4200/10000
      Simulation Time: 4.20e-04
      Wall Time:       26m3s
      ETR:             31m53s
                           Min        Max
      -----------------------------------
      X-Momentum     -2.09e+04   2.09e+04
      Y-Momentum     -2.09e+04   2.09e+04
      Z-Momentum     -2.09e+04   2.09e+04
      Energy          2.03e+05   3.09e+07
      Density Air     9.73e-01   1.52e+01
      -----------------------------------
      X-Velocity     -2.27e+03   2.27e+03
      Y-Velocity     -2.27e+03   2.27e+03
      Z-Velocity     -2.27e+03   2.27e+03
      Pressure        8.28e+04   2.66e+06
      Temperature     2.35e+02   2.51e+03
      Density         9.73e-01   1.52e+01
    Status: 
      Time Step:       4300/10000
      Simulation Time: 4.30e-04
      Wall Time:       26m25s
      ETR:             31m4s
                           Min        Max
      -----------------------------------
      X-Momentum     -2.04e+04   2.04e+04
      Y-Momentum     -2.04e+04   2.04e+04
      Z-Momentum     -2.04e+04   2.04e+04
      Energy          2.03e+05   3.06e+07
      Density Air     9.74e-01   1.46e+01
      -----------------------------------
      X-Velocity     -2.26e+03   2.26e+03
      Y-Velocity     -2.26e+03   2.26e+03
      Z-Velocity     -2.26e+03   2.26e+03
      Pressure        8.29e+04   2.62e+06
      Temperature     2.36e+02   2.44e+03
      Density         9.74e-01   1.46e+01
    Status: 
      Time Step:       4400/10000
      Simulation Time: 4.40e-04
      Wall Time:       26m46s
      ETR:             30m17s
                           Min        Max
      -----------------------------------
      X-Momentum     -2.00e+04   2.00e+04
      Y-Momentum     -2.00e+04   2.00e+04
      Z-Momentum     -2.00e+04   2.00e+04
      Energy          2.03e+05   2.98e+07
      Density Air     9.75e-01   1.42e+01
      -----------------------------------
      X-Velocity     -2.25e+03   2.25e+03
      Y-Velocity     -2.25e+03   2.25e+03
      Z-Velocity     -2.25e+03   2.25e+03
      Pressure        8.30e+04   2.61e+06
      Temperature     2.33e+02   2.43e+03
      Density         9.75e-01   1.43e+01
    Writing File:     'sol-04500.h5'
    Status: 
      Time Step:       4500/10000
      Simulation Time: 4.50e-04
      Wall Time:       28m7s
      ETR:             30m44s
                           Min        Max
      -----------------------------------
      X-Momentum     -1.98e+04   1.98e+04
      Y-Momentum     -1.98e+04   1.98e+04
      Z-Momentum     -1.98e+04   1.98e+04
      Energy          2.03e+05   2.87e+07
      Density Air     9.74e-01   1.38e+01
      -----------------------------------
      X-Velocity     -2.24e+03   2.24e+03
      Y-Velocity     -2.24e+03   2.24e+03
      Z-Velocity     -2.24e+03   2.24e+03
      Pressure        8.29e+04   2.57e+06
      Temperature     2.33e+02   2.34e+03
      Density         9.74e-01   1.38e+01
    Status: 
      Time Step:       4600/10000
      Simulation Time: 4.60e-04
      Wall Time:       28m29s
      ETR:             29m58s
                           Min        Max
      -----------------------------------
      X-Momentum     -1.96e+04   1.96e+04
      Y-Momentum     -1.96e+04   1.96e+04
      Z-Momentum     -1.96e+04   1.96e+04
      Energy          2.03e+05   2.79e+07
      Density Air     9.73e-01   1.34e+01
      -----------------------------------
      X-Velocity     -2.24e+03   2.24e+03
      Y-Velocity     -2.24e+03   2.24e+03
      Z-Velocity     -2.24e+03   2.24e+03
      Pressure        8.28e+04   2.55e+06
      Temperature     2.28e+02   2.29e+03
      Density         9.73e-01   1.34e+01
    Status: 
      Time Step:       4700/10000
      Simulation Time: 4.70e-04
      Wall Time:       28m51s
      ETR:             29m11s
                           Min        Max
      -----------------------------------
      X-Momentum     -1.96e+04   1.96e+04
      Y-Momentum     -1.96e+04   1.96e+04
      Z-Momentum     -1.96e+04   1.96e+04
      Energy          2.03e+05   2.70e+07
      Density Air     9.75e-01   1.29e+01
      -----------------------------------
      X-Velocity     -2.22e+03   2.22e+03
      Y-Velocity     -2.22e+03   2.22e+03
      Z-Velocity     -2.22e+03   2.22e+03
      Pressure        8.30e+04   2.54e+06
      Temperature     2.29e+02   2.29e+03
      Density         9.75e-01   1.29e+01
    Status: 
      Time Step:       4800/10000
      Simulation Time: 4.80e-04
      Wall Time:       29m13s
      ETR:             28m26s
                           Min        Max
      -----------------------------------
      X-Momentum     -1.94e+04   1.94e+04
      Y-Momentum     -1.94e+04   1.94e+04
      Z-Momentum     -1.94e+04   1.94e+04
      Energy          2.03e+05   2.63e+07
      Density Air     9.74e-01   1.25e+01
      -----------------------------------
      X-Velocity     -2.21e+03   2.21e+03
      Y-Velocity     -2.21e+03   2.21e+03
      Z-Velocity     -2.21e+03   2.21e+03
      Pressure        8.29e+04   2.50e+06
      Temperature     2.26e+02   2.28e+03
      Density         9.74e-01   1.25e+01
    Status: 
      Time Step:       4900/10000
      Simulation Time: 4.90e-04
      Wall Time:       29m35s
      ETR:             27m42s
                           Min        Max
      -----------------------------------
      X-Momentum     -1.94e+04   1.94e+04
      Y-Momentum     -1.94e+04   1.94e+04
      Z-Momentum     -1.94e+04   1.94e+04
      Energy          2.03e+05   2.57e+07
      Density Air     9.73e-01   1.24e+01
      -----------------------------------
      X-Velocity     -2.20e+03   2.20e+03
      Y-Velocity     -2.20e+03   2.20e+03
      Z-Velocity     -2.20e+03   2.20e+03
      Pressure        8.28e+04   2.48e+06
      Temperature     2.27e+02   2.23e+03
      Density         9.73e-01   1.24e+01
    Writing File:     'sol-05000.h5'
    Status: 
      Time Step:       5000/10000
      Simulation Time: 5.00e-04
      Wall Time:       30m56s
      ETR:             27m57s
                           Min        Max
      -----------------------------------
      X-Momentum     -1.94e+04   1.94e+04
      Y-Momentum     -1.94e+04   1.94e+04
      Z-Momentum     -1.94e+04   1.94e+04
      Energy          2.03e+05   2.50e+07
      Density Air     9.75e-01   1.21e+01
      -----------------------------------
      X-Velocity     -2.19e+03   2.19e+03
      Y-Velocity     -2.19e+03   2.19e+03
      Z-Velocity     -2.19e+03   2.19e+03
      Pressure        8.30e+04   2.46e+06
      Temperature     2.24e+02   2.22e+03
      Density         9.75e-01   1.21e+01
    Status: 
      Time Step:       5100/10000
      Simulation Time: 5.10e-04
      Wall Time:       31m17s
      ETR:             27m12s
                           Min        Max
      -----------------------------------
      X-Momentum     -1.96e+04   1.96e+04
      Y-Momentum     -1.96e+04   1.96e+04
      Z-Momentum     -1.96e+04   1.96e+04
      Energy          2.03e+05   2.42e+07
      Density Air     9.74e-01   1.19e+01
      -----------------------------------
      X-Velocity     -2.17e+03   2.17e+03
      Y-Velocity     -2.17e+03   2.17e+03
      Z-Velocity     -2.17e+03   2.17e+03
      Pressure        8.29e+04   2.46e+06
      Temperature     2.21e+02   2.19e+03
      Density         9.74e-01   1.19e+01
    Status: 
      Time Step:       5200/10000
      Simulation Time: 5.20e-04
      Wall Time:       31m38s
      ETR:             26m28s
                           Min        Max
      -----------------------------------
      X-Momentum     -1.98e+04   1.98e+04
      Y-Momentum     -1.98e+04   1.98e+04
      Z-Momentum     -1.98e+04   1.98e+04
      Energy          2.03e+05   2.40e+07
      Density Air     9.74e-01   1.19e+01
      -----------------------------------
      X-Velocity     -2.16e+03   2.16e+03
      Y-Velocity     -2.16e+03   2.16e+03
      Z-Velocity     -2.16e+03   2.16e+03
      Pressure        8.30e+04   2.45e+06
      Temperature     2.17e+02   2.17e+03
      Density         9.74e-01   1.18e+01
    Status: 
      Time Step:       5300/10000
      Simulation Time: 5.30e-04
      Wall Time:       32m0s
      ETR:             25m45s
                           Min        Max
      -----------------------------------
      X-Momentum     -2.01e+04   2.01e+04
      Y-Momentum     -2.01e+04   2.01e+04
      Z-Momentum     -2.01e+04   2.01e+04
      Energy          2.03e+05   2.36e+07
      Density Air     9.74e-01   1.18e+01
      -----------------------------------
      X-Velocity     -2.15e+03   2.15e+03
      Y-Velocity     -2.15e+03   2.15e+03
      Z-Velocity     -2.15e+03   2.15e+03
      Pressure        8.30e+04   2.44e+06
      Temperature     2.11e+02   2.14e+03
      Density         9.74e-01   1.18e+01
    Status: 
      Time Step:       5400/10000
      Simulation Time: 5.40e-04
      Wall Time:       32m21s
      ETR:             25m2s
                           Min        Max
      -----------------------------------
      X-Momentum     -2.03e+04   2.03e+04
      Y-Momentum     -2.03e+04   2.03e+04
      Z-Momentum     -2.03e+04   2.03e+04
      Energy          2.03e+05   2.33e+07
      Density Air     9.74e-01   1.17e+01
      -----------------------------------
      X-Velocity     -2.14e+03   2.14e+03
      Y-Velocity     -2.14e+03   2.14e+03
      Z-Velocity     -2.14e+03   2.14e+03
      Pressure        8.29e+04   2.40e+06
      Temperature     2.11e+02   2.13e+03
      Density         9.74e-01   1.18e+01
    Writing File:     'sol-05500.h5'
    Status: 
      Time Step:       5500/10000
      Simulation Time: 5.50e-04
      Wall Time:       33m43s
      ETR:             25m9s
                           Min        Max
      -----------------------------------
      X-Momentum     -2.05e+04   2.05e+04
      Y-Momentum     -2.05e+04   2.05e+04
      Z-Momentum     -2.05e+04   2.05e+04
      Energy          2.03e+05   2.34e+07
      Density Air     9.75e-01   1.17e+01
      -----------------------------------
      X-Velocity     -2.13e+03   2.13e+03
      Y-Velocity     -2.13e+03   2.13e+03
      Z-Velocity     -2.13e+03   2.13e+03
      Pressure        8.30e+04   2.37e+06
      Temperature     2.12e+02   2.09e+03
      Density         9.75e-01   1.17e+01
    Status: 
      Time Step:       5600/10000
      Simulation Time: 5.60e-04
      Wall Time:       34m4s
      ETR:             24m26s
                           Min        Max
      -----------------------------------
      X-Momentum     -2.06e+04   2.06e+04
      Y-Momentum     -2.06e+04   2.06e+04
      Z-Momentum     -2.06e+04   2.06e+04
      Energy          2.03e+05   2.35e+07
      Density Air     9.74e-01   1.17e+01
      -----------------------------------
      X-Velocity     -2.12e+03   2.12e+03
      Y-Velocity     -2.12e+03   2.12e+03
      Z-Velocity     -2.12e+03   2.12e+03
      Pressure        8.30e+04   2.33e+06
      Temperature     2.11e+02   2.09e+03
      Density         9.75e-01   1.17e+01
    Status: 
      Time Step:       5700/10000
      Simulation Time: 5.70e-04
      Wall Time:       34m26s
      ETR:             23m44s
                           Min        Max
      -----------------------------------
      X-Momentum     -2.05e+04   2.05e+04
      Y-Momentum     -2.05e+04   2.05e+04
      Z-Momentum     -2.05e+04   2.05e+04
      Energy          2.03e+05   2.34e+07
      Density Air     9.75e-01   1.16e+01
      -----------------------------------
      X-Velocity     -2.11e+03   2.11e+03
      Y-Velocity     -2.11e+03   2.11e+03
      Z-Velocity     -2.11e+03   2.11e+03
      Pressure        8.30e+04   2.32e+06
      Temperature     2.09e+02   2.07e+03
      Density         9.75e-01   1.16e+01
    Status: 
      Time Step:       5800/10000
      Simulation Time: 5.80e-04
      Wall Time:       34m47s
      ETR:             23m2s
                           Min        Max
      -----------------------------------
      X-Momentum     -2.04e+04   2.04e+04
      Y-Momentum     -2.04e+04   2.04e+04
      Z-Momentum     -2.04e+04   2.04e+04
      Energy          2.03e+05   2.32e+07
      Density Air     9.75e-01   1.15e+01
      -----------------------------------
      X-Velocity     -2.10e+03   2.10e+03
      Y-Velocity     -2.10e+03   2.10e+03
      Z-Velocity     -2.10e+03   2.10e+03
      Pressure        8.30e+04   2.33e+06
      Temperature     2.07e+02   2.06e+03
      Density         9.75e-01   1.15e+01
    Status: 
      Time Step:       5900/10000
      Simulation Time: 5.90e-04
      Wall Time:       35m8s
      ETR:             22m21s
                           Min        Max
      -----------------------------------
      X-Momentum     -2.02e+04   2.02e+04
      Y-Momentum     -2.02e+04   2.02e+04
      Z-Momentum     -2.02e+04   2.02e+04
      Energy          2.03e+05   2.29e+07
      Density Air     9.74e-01   1.15e+01
      -----------------------------------
      X-Velocity     -2.09e+03   2.09e+03
      Y-Velocity     -2.09e+03   2.09e+03
      Z-Velocity     -2.09e+03   2.09e+03
      Pressure        8.29e+04   2.32e+06
      Temperature     2.04e+02   2.05e+03
      Density         9.74e-01   1.15e+01
    Writing File:     'sol-06000.h5'
    Status: 
      Time Step:       6000/10000
      Simulation Time: 6.00e-04
      Wall Time:       36m28s
      ETR:             22m20s
                           Min        Max
      -----------------------------------
      X-Momentum     -1.99e+04   1.99e+04
      Y-Momentum     -1.99e+04   1.99e+04
      Z-Momentum     -1.99e+04   1.99e+04
      Energy          2.03e+05   2.25e+07
      Density Air     9.75e-01   1.14e+01
      -----------------------------------
      X-Velocity     -2.08e+03   2.08e+03
      Y-Velocity     -2.08e+03   2.08e+03
      Z-Velocity     -2.08e+03   2.08e+03
      Pressure        8.30e+04   2.31e+06
      Temperature     1.97e+02   2.02e+03
      Density         9.75e-01   1.14e+01
    Status: 
      Time Step:       6100/10000
      Simulation Time: 6.10e-04
      Wall Time:       36m49s
      ETR:             21m39s
                           Min        Max
      -----------------------------------
      X-Momentum     -1.96e+04   1.96e+04
      Y-Momentum     -1.96e+04   1.96e+04
      Z-Momentum     -1.96e+04   1.96e+04
      Energy          2.03e+05   2.21e+07
      Density Air     9.75e-01   1.13e+01
      -----------------------------------
      X-Velocity     -2.07e+03   2.07e+03
      Y-Velocity     -2.07e+03   2.07e+03
      Z-Velocity     -2.07e+03   2.07e+03
      Pressure        8.30e+04   2.31e+06
      Temperature     1.80e+02   2.00e+03
      Density         9.75e-01   1.13e+01
    Status: 
      Time Step:       6200/10000
      Simulation Time: 6.20e-04
      Wall Time:       37m11s
      ETR:             20m58s
                           Min        Max
      -----------------------------------
      X-Momentum     -1.92e+04   1.92e+04
      Y-Momentum     -1.92e+04   1.92e+04
      Z-Momentum     -1.92e+04   1.92e+04
      Energy          2.03e+05   2.16e+07
      Density Air     9.75e-01   1.11e+01
      -----------------------------------
      X-Velocity     -2.06e+03   2.06e+03
      Y-Velocity     -2.06e+03   2.06e+03
      Z-Velocity     -2.06e+03   2.06e+03
      Pressure        8.31e+04   2.29e+06
      Temperature     2.00e+02   1.98e+03
      Density         9.75e-01   1.11e+01
    Status: 
      Time Step:       6300/10000
      Simulation Time: 6.30e-04
      Wall Time:       37m33s
      ETR:             20m18s
                           Min        Max
      -----------------------------------
      X-Momentum     -1.88e+04   1.88e+04
      Y-Momentum     -1.88e+04   1.88e+04
      Z-Momentum     -1.88e+04   1.88e+04
      Energy          2.03e+05   2.11e+07
      Density Air     9.75e-01   1.08e+01
      -----------------------------------
      X-Velocity     -2.05e+03   2.05e+03
      Y-Velocity     -2.05e+03   2.05e+03
      Z-Velocity     -2.05e+03   2.05e+03
      Pressure        8.30e+04   2.26e+06
      Temperature     1.99e+02   1.97e+03
      Density         9.75e-01   1.08e+01
    Status: 
      Time Step:       6400/10000
      Simulation Time: 6.40e-04
      Wall Time:       37m54s
      ETR:             19m39s
                           Min        Max
      -----------------------------------
      X-Momentum     -1.84e+04   1.84e+04
      Y-Momentum     -1.84e+04   1.84e+04
      Z-Momentum     -1.84e+04   1.84e+04
      Energy          2.03e+05   2.05e+07
      Density Air     9.75e-01   1.06e+01
      -----------------------------------
      X-Velocity     -2.04e+03   2.04e+03
      Y-Velocity     -2.04e+03   2.04e+03
      Z-Velocity     -2.04e+03   2.04e+03
      Pressure        8.30e+04   2.25e+06
      Temperature     1.97e+02   1.96e+03
      Density         9.75e-01   1.06e+01
    Writing File:     'sol-06500.h5'
    Status: 
      Time Step:       6500/10000
      Simulation Time: 6.50e-04
      Wall Time:       39m14s
      ETR:             19m32s
                           Min        Max
      -----------------------------------
      X-Momentum     -1.79e+04   1.79e+04
      Y-Momentum     -1.79e+04   1.79e+04
      Z-Momentum     -1.79e+04   1.79e+04
      Energy          2.03e+05   1.99e+07
      Density Air     9.75e-01   1.04e+01
      -----------------------------------
      X-Velocity     -2.03e+03   2.03e+03
      Y-Velocity     -2.03e+03   2.03e+03
      Z-Velocity     -2.03e+03   2.03e+03
      Pressure        8.30e+04   2.22e+06
      Temperature     1.93e+02   1.94e+03
      Density         9.75e-01   1.04e+01
    Status: 
      Time Step:       6600/10000
      Simulation Time: 6.60e-04
      Wall Time:       39m36s
      ETR:             18m52s
                           Min        Max
      -----------------------------------
      X-Momentum     -1.73e+04   1.73e+04
      Y-Momentum     -1.73e+04   1.73e+04
      Z-Momentum     -1.73e+04   1.73e+04
      Energy          2.03e+05   1.92e+07
      Density Air     9.75e-01   1.03e+01
      -----------------------------------
      X-Velocity     -2.02e+03   2.02e+03
      Y-Velocity     -2.02e+03   2.02e+03
      Z-Velocity     -2.02e+03   2.02e+03
      Pressure        8.18e+04   2.17e+06
      Temperature     1.89e+02   1.92e+03
      Density         9.75e-01   1.03e+01
    Status: 
      Time Step:       6700/10000
      Simulation Time: 6.70e-04
      Wall Time:       39m58s
      ETR:             18m13s
                           Min        Max
      -----------------------------------
      X-Momentum     -1.68e+04   1.68e+04
      Y-Momentum     -1.68e+04   1.68e+04
      Z-Momentum     -1.68e+04   1.68e+04
      Energy          2.03e+05   1.85e+07
      Density Air     9.75e-01   1.03e+01
      -----------------------------------
      X-Velocity     -2.01e+03   2.01e+03
      Y-Velocity     -2.01e+03   2.01e+03
      Z-Velocity     -2.01e+03   2.01e+03
      Pressure        8.03e+04   2.14e+06
      Temperature     1.87e+02   1.92e+03
      Density         9.75e-01   1.02e+01
    Status: 
      Time Step:       6800/10000
      Simulation Time: 6.80e-04
      Wall Time:       40m21s
      ETR:             17m36s
                           Min        Max
      -----------------------------------
      X-Momentum     -1.64e+04   1.64e+04
      Y-Momentum     -1.64e+04   1.64e+04
      Z-Momentum     -1.64e+04   1.64e+04
      Energy          2.03e+05   1.81e+07
      Density Air     9.75e-01   1.03e+01
      -----------------------------------
      X-Velocity     -2.00e+03   2.00e+03
      Y-Velocity     -2.00e+03   2.00e+03
      Z-Velocity     -2.00e+03   2.00e+03
      Pressure        7.67e+04   2.09e+06
      Temperature     1.84e+02   1.89e+03
      Density         9.75e-01   1.03e+01
    Status: 
      Time Step:       6900/10000
      Simulation Time: 6.90e-04
      Wall Time:       40m44s
      ETR:             16m58s
                           Min        Max
      -----------------------------------
      X-Momentum     -1.61e+04   1.61e+04
      Y-Momentum     -1.61e+04   1.61e+04
      Z-Momentum     -1.61e+04   1.61e+04
      Energy          2.03e+05   1.77e+07
      Density Air     9.75e-01   1.03e+01
      -----------------------------------
      X-Velocity     -1.99e+03   1.99e+03
      Y-Velocity     -1.99e+03   1.99e+03
      Z-Velocity     -1.99e+03   1.99e+03
      Pressure        7.47e+04   2.08e+06
      Temperature     1.82e+02   1.88e+03
      Density         9.75e-01   1.03e+01
    Writing File:     'sol-07000.h5'
    Status: 
      Time Step:       7000/10000
      Simulation Time: 7.00e-04
      Wall Time:       42m5s
      ETR:             16m46s
                           Min        Max
      -----------------------------------
      X-Momentum     -1.58e+04   1.58e+04
      Y-Momentum     -1.58e+04   1.58e+04
      Z-Momentum     -1.58e+04   1.58e+04
      Energy          2.03e+05   1.75e+07
      Density Air     9.75e-01   1.03e+01
      -----------------------------------
      X-Velocity     -1.99e+03   1.99e+03
      Y-Velocity     -1.99e+03   1.99e+03
      Z-Velocity     -1.99e+03   1.99e+03
      Pressure        7.15e+04   2.04e+06
      Temperature     1.81e+02   1.86e+03
      Density         9.75e-01   1.03e+01
    Status: 
      Time Step:       7100/10000
      Simulation Time: 7.10e-04
      Wall Time:       42m26s
      ETR:             16m7s
                           Min        Max
      -----------------------------------
      X-Momentum     -1.56e+04   1.56e+04
      Y-Momentum     -1.56e+04   1.56e+04
      Z-Momentum     -1.56e+04   1.56e+04
      Energy          2.03e+05   1.73e+07
      Density Air     9.75e-01   1.03e+01
      -----------------------------------
      X-Velocity     -1.98e+03   1.98e+03
      Y-Velocity     -1.98e+03   1.98e+03
      Z-Velocity     -1.98e+03   1.98e+03
      Pressure        6.89e+04   2.00e+06
      Temperature     1.81e+02   1.85e+03
      Density         9.75e-01   1.03e+01
    Status: 
      Time Step:       7200/10000
      Simulation Time: 7.20e-04
      Wall Time:       42m47s
      ETR:             15m29s
                           Min        Max
      -----------------------------------
      X-Momentum     -1.54e+04   1.54e+04
      Y-Momentum     -1.54e+04   1.54e+04
      Z-Momentum     -1.54e+04   1.54e+04
      Energy          2.03e+05   1.72e+07
      Density Air     9.75e-01   1.02e+01
      -----------------------------------
      X-Velocity     -1.97e+03   1.97e+03
      Y-Velocity     -1.97e+03   1.97e+03
      Z-Velocity     -1.97e+03   1.97e+03
      Pressure        6.65e+04   1.96e+06
      Temperature     1.80e+02   1.83e+03
      Density         9.75e-01   1.03e+01
    Status: 
      Time Step:       7300/10000
      Simulation Time: 7.30e-04
      Wall Time:       43m9s
      ETR:             14m51s
                           Min        Max
      -----------------------------------
      X-Momentum     -1.54e+04   1.54e+04
      Y-Momentum     -1.54e+04   1.54e+04
      Z-Momentum     -1.54e+04   1.54e+04
      Energy          2.03e+05   1.71e+07
      Density Air     9.75e-01   1.02e+01
      -----------------------------------
      X-Velocity     -1.96e+03   1.96e+03
      Y-Velocity     -1.96e+03   1.96e+03
      Z-Velocity     -1.96e+03   1.96e+03
      Pressure        6.42e+04   1.92e+06
      Temperature     1.78e+02   1.80e+03
      Density         9.75e-01   1.02e+01
    Status: 
      Time Step:       7400/10000
      Simulation Time: 7.40e-04
      Wall Time:       43m30s
      ETR:             14m14s
                           Min        Max
      -----------------------------------
      X-Momentum     -1.52e+04   1.52e+04
      Y-Momentum     -1.52e+04   1.52e+04
      Z-Momentum     -1.52e+04   1.52e+04
      Energy          2.03e+05   1.69e+07
      Density Air     9.75e-01   1.02e+01
      -----------------------------------
      X-Velocity     -1.95e+03   1.95e+03
      Y-Velocity     -1.95e+03   1.95e+03
      Z-Velocity     -1.95e+03   1.95e+03
      Pressure        6.34e+04   1.90e+06
      Temperature     1.77e+02   1.79e+03
      Density         9.75e-01   1.02e+01
    Writing File:     'sol-07500.h5'
    Status: 
      Time Step:       7500/10000
      Simulation Time: 7.50e-04
      Wall Time:       44m51s
      ETR:             13m57s
                           Min        Max
      -----------------------------------
      X-Momentum     -1.51e+04   1.51e+04
      Y-Momentum     -1.51e+04   1.51e+04
      Z-Momentum     -1.51e+04   1.51e+04
      Energy          2.03e+05   1.68e+07
      Density Air     9.76e-01   1.02e+01
      -----------------------------------
      X-Velocity     -1.94e+03   1.94e+03
      Y-Velocity     -1.94e+03   1.94e+03
      Z-Velocity     -1.94e+03   1.94e+03
      Pressure        6.06e+04   1.86e+06
      Temperature     1.72e+02   1.78e+03
      Density         9.76e-01   1.02e+01
    Status: 
      Time Step:       7600/10000
      Simulation Time: 7.60e-04
      Wall Time:       45m13s
      ETR:             13m20s
                           Min        Max
      -----------------------------------
      X-Momentum     -1.49e+04   1.49e+04
      Y-Momentum     -1.49e+04   1.49e+04
      Z-Momentum     -1.49e+04   1.49e+04
      Energy          2.03e+05   1.66e+07
      Density Air     9.75e-01   1.01e+01
      -----------------------------------
      X-Velocity     -1.93e+03   1.93e+03
      Y-Velocity     -1.93e+03   1.93e+03
      Z-Velocity     -1.93e+03   1.93e+03
      Pressure        5.94e+04   1.85e+06
      Temperature     1.70e+02   1.77e+03
      Density         9.75e-01   1.01e+01
    Status: 
      Time Step:       7700/10000
      Simulation Time: 7.70e-04
      Wall Time:       45m34s
      ETR:             12m43s
                           Min        Max
      -----------------------------------
      X-Momentum     -1.48e+04   1.48e+04
      Y-Momentum     -1.48e+04   1.48e+04
      Z-Momentum     -1.48e+04   1.48e+04
      Energy          2.03e+05   1.65e+07
      Density Air     9.76e-01   1.01e+01
      -----------------------------------
      X-Velocity     -1.92e+03   1.92e+03
      Y-Velocity     -1.92e+03   1.92e+03
      Z-Velocity     -1.92e+03   1.92e+03
      Pressure        5.72e+04   1.83e+06
      Temperature     1.65e+02   1.76e+03
      Density         9.76e-01   1.01e+01
    Status: 
      Time Step:       7800/10000
      Simulation Time: 7.80e-04
      Wall Time:       45m56s
      ETR:             12m7s
                           Min        Max
      -----------------------------------
      X-Momentum     -1.46e+04   1.46e+04
      Y-Momentum     -1.46e+04   1.46e+04
      Z-Momentum     -1.46e+04   1.46e+04
      Energy          2.03e+05   1.63e+07
      Density Air     9.76e-01   1.00e+01
      -----------------------------------
      X-Velocity     -1.91e+03   1.91e+03
      Y-Velocity     -1.91e+03   1.91e+03
      Z-Velocity     -1.91e+03   1.91e+03
      Pressure        5.53e+04   1.81e+06
      Temperature     1.63e+02   1.75e+03
      Density         9.75e-01   1.00e+01
    Status: 
      Time Step:       7900/10000
      Simulation Time: 7.90e-04
      Wall Time:       46m18s
      ETR:             11m31s
                           Min        Max
      -----------------------------------
      X-Momentum     -1.46e+04   1.46e+04
      Y-Momentum     -1.46e+04   1.46e+04
      Z-Momentum     -1.46e+04   1.46e+04
      Energy          2.03e+05   1.60e+07
      Density Air     9.76e-01   9.94e+00
      -----------------------------------
      X-Velocity     -1.90e+03   1.90e+03
      Y-Velocity     -1.90e+03   1.90e+03
      Z-Velocity     -1.90e+03   1.90e+03
      Pressure        5.35e+04   1.80e+06
      Temperature     1.63e+02   1.74e+03
      Density         9.76e-01   9.94e+00
    Writing File:     'sol-08000.h5'
    Status: 
      Time Step:       8000/10000
      Simulation Time: 8.00e-04
      Wall Time:       47m40s
      ETR:             11m10s
                           Min        Max
      -----------------------------------
      X-Momentum     -1.45e+04   1.45e+04
      Y-Momentum     -1.45e+04   1.45e+04
      Z-Momentum     -1.45e+04   1.45e+04
      Energy          2.03e+05   1.57e+07
      Density Air     9.76e-01   9.86e+00
      -----------------------------------
      X-Velocity     -1.89e+03   1.89e+03
      Y-Velocity     -1.89e+03   1.89e+03
      Z-Velocity     -1.89e+03   1.89e+03
      Pressure        5.19e+04   1.80e+06
      Temperature     1.62e+02   1.73e+03
      Density         9.76e-01   9.86e+00
    Status: 
      Time Step:       8100/10000
      Simulation Time: 8.10e-04
      Wall Time:       48m1s
      ETR:             10m34s
                           Min        Max
      -----------------------------------
      X-Momentum     -1.43e+04   1.43e+04
      Y-Momentum     -1.43e+04   1.43e+04
      Z-Momentum     -1.43e+04   1.43e+04
      Energy          2.03e+05   1.54e+07
      Density Air     9.60e-01   9.75e+00
      -----------------------------------
      X-Velocity     -1.88e+03   1.88e+03
      Y-Velocity     -1.88e+03   1.88e+03
      Z-Velocity     -1.88e+03   1.88e+03
      Pressure        4.98e+04   1.79e+06
      Temperature     1.61e+02   1.71e+03
      Density         9.60e-01   9.76e+00
    Status: 
      Time Step:       8200/10000
      Simulation Time: 8.20e-04
      Wall Time:       48m22s
      ETR:             9m58s
                           Min        Max
      -----------------------------------
      X-Momentum     -1.43e+04   1.43e+04
      Y-Momentum     -1.43e+04   1.43e+04
      Z-Momentum     -1.43e+04   1.43e+04
      Energy          2.03e+05   1.51e+07
      Density Air     9.40e-01   9.65e+00
      -----------------------------------
      X-Velocity     -1.87e+03   1.87e+03
      Y-Velocity     -1.87e+03   1.87e+03
      Z-Velocity     -1.87e+03   1.87e+03
      Pressure        4.81e+04   1.77e+06
      Temperature     1.60e+02   1.70e+03
      Density         9.41e-01   9.65e+00
    Status: 
      Time Step:       8300/10000
      Simulation Time: 8.30e-04
      Wall Time:       48m44s
      ETR:             9m22s
                           Min        Max
      -----------------------------------
      X-Momentum     -1.41e+04   1.41e+04
      Y-Momentum     -1.41e+04   1.41e+04
      Z-Momentum     -1.41e+04   1.41e+04
      Energy          2.03e+05   1.49e+07
      Density Air     9.10e-01   9.55e+00
      -----------------------------------
      X-Velocity     -1.87e+03   1.87e+03
      Y-Velocity     -1.87e+03   1.87e+03
      Z-Velocity     -1.87e+03   1.87e+03
      Pressure        4.69e+04   1.76e+06
      Temperature     1.59e+02   1.70e+03
      Density         9.10e-01   9.55e+00
    Status: 
      Time Step:       8400/10000
      Simulation Time: 8.40e-04
      Wall Time:       49m8s
      ETR:             8m47s
                           Min        Max
      -----------------------------------
      X-Momentum     -1.40e+04   1.40e+04
      Y-Momentum     -1.40e+04   1.40e+04
      Z-Momentum     -1.40e+04   1.40e+04
      Energy          2.03e+05   1.46e+07
      Density Air     8.91e-01   9.47e+00
      -----------------------------------
      X-Velocity     -1.86e+03   1.86e+03
      Y-Velocity     -1.86e+03   1.86e+03
      Z-Velocity     -1.86e+03   1.86e+03
      Pressure        4.37e+04   1.74e+06
      Temperature     1.50e+02   1.68e+03
      Density         8.91e-01   9.47e+00
    Writing File:     'sol-08500.h5'
    Status: 
      Time Step:       8500/10000
      Simulation Time: 8.50e-04
      Wall Time:       50m30s
      ETR:             8m23s
                           Min        Max
      -----------------------------------
      X-Momentum     -1.39e+04   1.39e+04
      Y-Momentum     -1.39e+04   1.39e+04
      Z-Momentum     -1.39e+04   1.39e+04
      Energy          1.96e+05   1.44e+07
      Density Air     8.73e-01   9.40e+00
      -----------------------------------
      X-Velocity     -1.85e+03   1.85e+03
      Y-Velocity     -1.85e+03   1.85e+03
      Z-Velocity     -1.85e+03   1.85e+03
      Pressure        4.34e+04   1.73e+06
      Temperature     1.52e+02   1.67e+03
      Density         8.73e-01   9.40e+00
    Status: 
      Time Step:       8600/10000
      Simulation Time: 8.60e-04
      Wall Time:       50m51s
      ETR:             7m48s
                           Min        Max
      -----------------------------------
      X-Momentum     -1.37e+04   1.37e+04
      Y-Momentum     -1.37e+04   1.37e+04
      Z-Momentum     -1.37e+04   1.37e+04
      Energy          1.86e+05   1.42e+07
      Density Air     8.51e-01   9.34e+00
      -----------------------------------
      X-Velocity     -1.84e+03   1.84e+03
      Y-Velocity     -1.84e+03   1.84e+03
      Z-Velocity     -1.84e+03   1.84e+03
      Pressure        4.24e+04   1.70e+06
      Temperature     1.49e+02   1.67e+03
      Density         8.51e-01   9.34e+00
    Status: 
      Time Step:       8700/10000
      Simulation Time: 8.70e-04
      Wall Time:       51m12s
      ETR:             7m12s
                           Min        Max
      -----------------------------------
      X-Momentum     -1.36e+04   1.36e+04
      Y-Momentum     -1.36e+04   1.36e+04
      Z-Momentum     -1.36e+04   1.36e+04
      Energy          1.76e+05   1.41e+07
      Density Air     8.27e-01   9.29e+00
      -----------------------------------
      X-Velocity     -1.83e+03   1.83e+03
      Y-Velocity     -1.83e+03   1.83e+03
      Z-Velocity     -1.83e+03   1.83e+03
      Pressure        4.11e+04   1.68e+06
      Temperature     1.52e+02   1.65e+03
      Density         8.27e-01   9.29e+00
    Status: 
      Time Step:       8800/10000
      Simulation Time: 8.80e-04
      Wall Time:       51m34s
      ETR:             6m37s
                           Min        Max
      -----------------------------------
      X-Momentum     -1.34e+04   1.34e+04
      Y-Momentum     -1.34e+04   1.34e+04
      Z-Momentum     -1.34e+04   1.34e+04
      Energy          1.67e+05   1.38e+07
      Density Air     8.09e-01   9.24e+00
      -----------------------------------
      X-Velocity     -1.82e+03   1.82e+03
      Y-Velocity     -1.82e+03   1.82e+03
      Z-Velocity     -1.82e+03   1.82e+03
      Pressure        3.92e+04   1.66e+06
      Temperature     1.51e+02   1.63e+03
      Density         8.10e-01   9.24e+00
    Status: 
      Time Step:       8900/10000
      Simulation Time: 8.90e-04
      Wall Time:       51m55s
      ETR:             6m3s
                           Min        Max
      -----------------------------------
      X-Momentum     -1.32e+04   1.32e+04
      Y-Momentum     -1.32e+04   1.32e+04
      Z-Momentum     -1.32e+04   1.32e+04
      Energy          1.59e+05   1.36e+07
      Density Air     7.83e-01   9.19e+00
      -----------------------------------
      X-Velocity     -1.81e+03   1.81e+03
      Y-Velocity     -1.81e+03   1.81e+03
      Z-Velocity     -1.81e+03   1.81e+03
      Pressure        3.82e+04   1.65e+06
      Temperature     1.49e+02   1.63e+03
      Density         7.84e-01   9.19e+00
    Writing File:     'sol-09000.h5'
    Status: 
      Time Step:       9000/10000
      Simulation Time: 9.00e-04
      Wall Time:       53m16s
      ETR:             5m35s
                           Min        Max
      -----------------------------------
      X-Momentum     -1.31e+04   1.31e+04
      Y-Momentum     -1.31e+04   1.31e+04
      Z-Momentum     -1.31e+04   1.31e+04
      Energy          1.51e+05   1.34e+07
      Density Air     7.53e-01   9.12e+00
      -----------------------------------
      X-Velocity     -1.80e+03   1.80e+03
      Y-Velocity     -1.80e+03   1.80e+03
      Z-Velocity     -1.80e+03   1.80e+03
      Pressure        3.69e+04   1.63e+06
      Temperature     1.47e+02   1.63e+03
      Density         7.53e-01   9.12e+00
    Status: 
      Time Step:       9100/10000
      Simulation Time: 9.10e-04
      Wall Time:       53m39s
      ETR:             5m1s
                           Min        Max
      -----------------------------------
      X-Momentum     -1.29e+04   1.29e+04
      Y-Momentum     -1.29e+04   1.29e+04
      Z-Momentum     -1.29e+04   1.29e+04
      Energy          1.43e+05   1.32e+07
      Density Air     7.33e-01   9.05e+00
      -----------------------------------
      X-Velocity     -1.80e+03   1.80e+03
      Y-Velocity     -1.80e+03   1.80e+03
      Z-Velocity     -1.80e+03   1.80e+03
      Pressure        3.54e+04   1.62e+06
      Temperature     1.45e+02   1.61e+03
      Density         7.33e-01   9.05e+00
    Status: 
      Time Step:       9200/10000
      Simulation Time: 9.20e-04
      Wall Time:       54m1s
      ETR:             4m26s
                           Min        Max
      -----------------------------------
      X-Momentum     -1.27e+04   1.27e+04
      Y-Momentum     -1.27e+04   1.27e+04
      Z-Momentum     -1.27e+04   1.27e+04
      Energy          1.36e+05   1.30e+07
      Density Air     7.30e-01   8.97e+00
      -----------------------------------
      X-Velocity     -1.79e+03   1.79e+03
      Y-Velocity     -1.79e+03   1.79e+03
      Z-Velocity     -1.79e+03   1.79e+03
      Pressure        3.40e+04   1.61e+06
      Temperature     1.47e+02   1.59e+03
      Density         7.30e-01   8.97e+00
    Status: 
      Time Step:       9300/10000
      Simulation Time: 9.30e-04
      Wall Time:       54m23s
      ETR:             3m52s
                           Min        Max
      -----------------------------------
      X-Momentum     -1.26e+04   1.26e+04
      Y-Momentum     -1.26e+04   1.26e+04
      Z-Momentum     -1.26e+04   1.26e+04
      Energy          1.30e+05   1.29e+07
      Density Air     7.22e-01   8.88e+00
      -----------------------------------
      X-Velocity     -1.78e+03   1.78e+03
      Y-Velocity     -1.78e+03   1.78e+03
      Z-Velocity     -1.78e+03   1.78e+03
      Pressure        3.34e+04   1.60e+06
      Temperature     1.44e+02   1.59e+03
      Density         7.22e-01   8.88e+00
    Status: 
      Time Step:       9400/10000
      Simulation Time: 9.40e-04
      Wall Time:       54m44s
      ETR:             3m18s
                           Min        Max
      -----------------------------------
      X-Momentum     -1.24e+04   1.24e+04
      Y-Momentum     -1.24e+04   1.24e+04
      Z-Momentum     -1.24e+04   1.24e+04
      Energy          1.24e+05   1.26e+07
      Density Air     6.99e-01   8.79e+00
      -----------------------------------
      X-Velocity     -1.77e+03   1.77e+03
      Y-Velocity     -1.77e+03   1.77e+03
      Z-Velocity     -1.77e+03   1.77e+03
      Pressure        3.20e+04   1.58e+06
      Temperature     1.43e+02   1.58e+03
      Density         7.00e-01   8.79e+00
    Writing File:     'sol-09500.h5'
    Status: 
      Time Step:       9500/10000
      Simulation Time: 9.50e-04
      Wall Time:       56m6s
      ETR:             2m48s
                           Min        Max
      -----------------------------------
      X-Momentum     -1.21e+04   1.21e+04
      Y-Momentum     -1.21e+04   1.21e+04
      Z-Momentum     -1.21e+04   1.21e+04
      Energy          1.18e+05   1.24e+07
      Density Air     6.83e-01   8.72e+00
      -----------------------------------
      X-Velocity     -1.76e+03   1.76e+03
      Y-Velocity     -1.76e+03   1.76e+03
      Z-Velocity     -1.76e+03   1.76e+03
      Pressure        3.09e+04   1.57e+06
      Temperature     1.37e+02   1.57e+03
      Density         6.83e-01   8.72e+00
    Status: 
      Time Step:       9600/10000
      Simulation Time: 9.60e-04
      Wall Time:       56m27s
      ETR:             2m14s
                           Min        Max
      -----------------------------------
      X-Momentum     -1.19e+04   1.19e+04
      Y-Momentum     -1.19e+04   1.19e+04
      Z-Momentum     -1.19e+04   1.19e+04
      Energy          1.12e+05   1.22e+07
      Density Air     6.74e-01   8.67e+00
      -----------------------------------
      X-Velocity     -1.75e+03   1.75e+03
      Y-Velocity     -1.75e+03   1.75e+03
      Z-Velocity     -1.75e+03   1.75e+03
      Pressure        2.86e+04   1.55e+06
      Temperature     1.27e+02   1.57e+03
      Density         6.74e-01   8.67e+00
    Status: 
      Time Step:       9700/10000
      Simulation Time: 9.70e-04
      Wall Time:       56m48s
      ETR:             1m40s
                           Min        Max
      -----------------------------------
      X-Momentum     -1.17e+04   1.17e+04
      Y-Momentum     -1.17e+04   1.17e+04
      Z-Momentum     -1.17e+04   1.17e+04
      Energy          1.07e+05   1.20e+07
      Density Air     6.55e-01   8.62e+00
      -----------------------------------
      X-Velocity     -1.75e+03   1.75e+03
      Y-Velocity     -1.75e+03   1.75e+03
      Z-Velocity     -1.75e+03   1.75e+03
      Pressure        2.75e+04   1.54e+06
      Temperature     1.37e+02   1.56e+03
      Density         6.55e-01   8.62e+00
    Status: 
      Time Step:       9800/10000
      Simulation Time: 9.80e-04
      Wall Time:       57m10s
      ETR:             1m6s
                           Min        Max
      -----------------------------------
      X-Momentum     -1.14e+04   1.14e+04
      Y-Momentum     -1.14e+04   1.14e+04
      Z-Momentum     -1.14e+04   1.14e+04
      Energy          1.02e+05   1.18e+07
      Density Air     6.33e-01   8.57e+00
      -----------------------------------
      X-Velocity     -1.74e+03   1.74e+03
      Y-Velocity     -1.74e+03   1.74e+03
      Z-Velocity     -1.74e+03   1.74e+03
      Pressure        2.77e+04   1.52e+06
      Temperature     1.35e+02   1.55e+03
      Density         6.33e-01   8.57e+00
    Status: 
      Time Step:       9900/10000
      Simulation Time: 9.90e-04
      Wall Time:       57m33s
      ETR:             33s
                           Min        Max
      -----------------------------------
      X-Momentum     -1.13e+04   1.13e+04
      Y-Momentum     -1.13e+04   1.13e+04
      Z-Momentum     -1.13e+04   1.13e+04
      Energy          9.77e+04   1.16e+07
      Density Air     6.16e-01   8.53e+00
      -----------------------------------
      X-Velocity     -1.73e+03   1.73e+03
      Y-Velocity     -1.73e+03   1.73e+03
      Z-Velocity     -1.73e+03   1.73e+03
      Pressure        2.67e+04   1.50e+06
      Temperature     1.32e+02   1.54e+03
      Density         6.16e-01   8.53e+00
    Writing File:     'sol-10000.h5'
    Status: 
      Time Step:       10000/10000
      Simulation Time: 1.00e-03
      Wall Time:       58m55s
      ETR:             0s
                           Min        Max
      -----------------------------------
      X-Momentum     -1.12e+04   1.12e+04
      Y-Momentum     -1.12e+04   1.12e+04
      Z-Momentum     -1.12e+04   1.12e+04
      Energy          9.34e+04   1.15e+07
      Density Air     5.91e-01   8.48e+00
      -----------------------------------
      X-Velocity     -1.72e+03   1.72e+03
      Y-Velocity     -1.72e+03   1.72e+03
      Z-Velocity     -1.72e+03   1.72e+03
      Pressure        2.63e+04   1.49e+06
      Temperature     1.36e+02   1.53e+03
      Density         5.91e-01   8.48e+00
Simulation Complete!

-----------------------

Total Time:                              3.54e+03

  Setup Time:                            1.79e+02
    Initial Condition Generation:        8.66e+01
    Grid Generation:                     2.98e-01
    Initial Condition WriteTime:         9.12e+01

  Simulation Time:                       3.36e+03
    Solution Write Time:                 1.28e+03
    Flux Calculation:                    1.02e+03
    Secondary Variable Calculation:      1.07e+02
    Runge Stage Update:                  9.31e+01
    Pressure Gradient Calculation:       5.98e+01
    Status Check:                        3.00e+00
    Restart Write Time:                  0.00e+00
 
